Build started 2018/7/5 上午 01:27:05.
     1>Project "G:\daniel\視窗\WindowsForm_FinalProject_RunningDinosaur\final project_final\final project\final project.vcxproj" on node 2 (Build target(s)).
     1>ClCompile:
         C:\Program Files (x86)\Microsoft Visual Studio 12.0\VC\bin\CL.exe /c /AI"C:\Program Files (x86)\Reference Assemblies\Microsoft\Framework\.NETFramework\v4.5\\" /AI"C:\Program Files (x86)\Windows Kits\8.1\References\CommonConfiguration\Neutral" /AI"C:\Program Files (x86)\Reference Assemblies\Microsoft\Framework\.NETFramework\v4.5\Facades\\" /Zi /clr /nologo /W3 /WX- /Od /Oy- /D WIN32 /D _DEBUG /D _UNICODE /D UNICODE /EHa /MDd /GS /fp:precise /Zc:wchar_t /Zc:forScope /Yc"stdafx.h" /Fp"Debug\final project.pch" /Fo"Debug\\" /Fd"Debug\vc120.pdb" /TP /FU"C:\Program Files (x86)\Reference Assemblies\Microsoft\Framework\.NETFramework\v4.5\mscorlib.dll" /FU"C:\Program Files (x86)\Reference Assemblies\Microsoft\Framework\.NETFramework\v4.5\System.Data.dll" /FU"C:\Program Files (x86)\Reference Assemblies\Microsoft\Framework\.NETFramework\v4.5\System.dll" /FU"C:\Program Files (x86)\Reference Assemblies\Microsoft\Framework\.NETFramework\v4.5\System.Drawing.dll" /FU"C:\Program Files (x86)\Reference Assemblies\Microsoft\Framework\.NETFramework\v4.5\System.Windows.Forms.dll" /FU"C:\Program Files (x86)\Reference Assemblies\Microsoft\Framework\.NETFramework\v4.5\System.Xml.dll" /analyze- /errorReport:prompt /clr:nostdlib stdafx.cpp
         stdafx.cpp
         C:\Program Files (x86)\Microsoft Visual Studio 12.0\VC\bin\CL.exe /c /AI"C:\Program Files (x86)\Reference Assemblies\Microsoft\Framework\.NETFramework\v4.5\\" /AI"C:\Program Files (x86)\Windows Kits\8.1\References\CommonConfiguration\Neutral" /AI"C:\Program Files (x86)\Reference Assemblies\Microsoft\Framework\.NETFramework\v4.5\Facades\\" /Zi /clr /nologo /W3 /WX- /Od /Oy- /D WIN32 /D _DEBUG /D _UNICODE /D UNICODE /EHa /MDd /GS /fp:precise /Zc:wchar_t /Zc:forScope /Yu"stdafx.h" /Fp"Debug\final project.pch" /Fo"Debug\\" /Fd"Debug\vc120.pdb" /TP /FU"C:\Program Files (x86)\Reference Assemblies\Microsoft\Framework\.NETFramework\v4.5\mscorlib.dll" /FU"C:\Program Files (x86)\Reference Assemblies\Microsoft\Framework\.NETFramework\v4.5\System.Data.dll" /FU"C:\Program Files (x86)\Reference Assemblies\Microsoft\Framework\.NETFramework\v4.5\System.dll" /FU"C:\Program Files (x86)\Reference Assemblies\Microsoft\Framework\.NETFramework\v4.5\System.Drawing.dll" /FU"C:\Program Files (x86)\Reference Assemblies\Microsoft\Framework\.NETFramework\v4.5\System.Windows.Forms.dll" /FU"C:\Program Files (x86)\Reference Assemblies\Microsoft\Framework\.NETFramework\v4.5\System.Xml.dll" /analyze- /errorReport:prompt /clr:nostdlib AssemblyInfo.cpp EndingForm.cpp "final project.cpp" game.cpp MyForm.cpp NotifyForm.cpp OptionForm.cpp restartForm.cpp ScoreForm.cpp
         AssemblyInfo.cpp
         EndingForm.cpp
         final project.cpp
         game.cpp
         MyForm.cpp
         NotifyForm.cpp
         OptionForm.cpp
         restartForm.cpp
         ScoreForm.cpp
         Generating Code...
     1>g:\daniel\視窗\windowsform_finalproject_runningdinosaur\final project_final\final project\myform.h(251): warning C4715: 'finalproject::MyForm::InsertIndex' : not all control paths return a value
     1>g:\daniel\視窗\windowsform_finalproject_runningdinosaur\final project_final\final project\myform.h(251): warning C4715: 'finalproject::MyForm::InsertIndex' : not all control paths return a value
         C:\Program Files (x86)\Microsoft Visual Studio 12.0\VC\bin\CL.exe /c /Zi /clr /nologo /W3 /WX- /Od /Oy- /D WIN32 /D _DEBUG /D _UNICODE /D UNICODE /EHa /MDd /GS /fp:precise /Zc:wchar_t /Zc:forScope /Fo"Debug\\" /Fd"Debug\vc120.pdb" /TP /analyze- /errorReport:prompt "F:\Temp\.NETFramework,Version=v4.5.AssemblyAttributes.cpp"
         .NETFramework,Version=v4.5.AssemblyAttributes.cpp
       ResourceCompile:
         C:\Program Files (x86)\Windows Kits\8.1\bin\x86\rc.exe /D _UNICODE /D UNICODE /l"0x0409" /nologo /fo"Debug\app.res" app.rc 
       Link:
         C:\Program Files (x86)\Microsoft Visual Studio 12.0\VC\bin\link.exe /ERRORREPORT:PROMPT /OUT:"G:\daniel\視窗\WindowsForm_FinalProject_RunningDinosaur\final project_final\Debug\final project.exe" /INCREMENTAL /NOLOGO winmm.lib /ASSEMBLYRESOURCE:Debug\finalproject.EndingForm.resources /ASSEMBLYRESOURCE:Debug\finalproject.game.resources /ASSEMBLYRESOURCE:Debug\finalproject.MyForm.resources /ASSEMBLYRESOURCE:Debug\finalproject.NotifyForm.resources /ASSEMBLYRESOURCE:Debug\finalproject.OptionForm.resources /ASSEMBLYRESOURCE:Debug\finalproject.restartForm.resources /ASSEMBLYRESOURCE:Debug\finalproject.ScoreForm.resources /MANIFEST /MANIFESTUAC:"level='asInvoker' uiAccess='false'" /manifest:embed /DEBUG /PDB:"G:\daniel\視窗\WindowsForm_FinalProject_RunningDinosaur\final project_final\Debug\final project.pdb" /ASSEMBLYDEBUG /SUBSYSTEM:WINDOWS /TLBID:1 /ENTRY:"main" /DYNAMICBASE /FIXED:NO /NXCOMPAT /MACHINE:X86 Debug\app.res
         Debug\AssemblyInfo.obj
         Debug\EndingForm.obj
         "Debug\final project.obj"
         Debug\game.obj
         Debug\MyForm.obj
         Debug\NotifyForm.obj
         Debug\OptionForm.obj
         Debug\restartForm.obj
         Debug\ScoreForm.obj
         Debug\stdafx.obj
         "Debug\.NETFramework,Version=v4.5.AssemblyAttributes.obj"
         final project.vcxproj -> G:\daniel\視窗\WindowsForm_FinalProject_RunningDinosaur\final project_final\Debug\final project.exe
     1>Done Building Project "G:\daniel\視窗\WindowsForm_FinalProject_RunningDinosaur\final project_final\final project\final project.vcxproj" (Build target(s)).

Build succeeded.

Time Elapsed 00:00:05.58
